Using pre-set license
Built from '6000.1/staging' branch; Version is '6000.1.13f1 (418bd0acaa6b) revision 4295632'; Using compiler version '194234433'; Build Type 'Release'
OS: 'Windows 11  (10.0.26100) 64bit Professional' Language: 'en' Physical Memory: 32535 MB
BatchMode: 1, IsHumanControllingUs: 0, StartBugReporterOnCrash: 0, Is64bit: 1, IsPro: 1
Date: 2025-07-25T04:37:03Z

COMMAND LINE ARGUMENTS:
C:\Program Files\Unity\Hub\Editor\6000.1.13f1\Editor\Unity.exe
-adb2
-batchMode
-noUpm
-name
AssetImportWorker1
-projectPath
C:/Users/Ethan/Documents/Mythic Legion Ball Game
-logFile
Logs/AssetImportWorker1.log
-srvPort
59345
-job-worker-count
3
-background-job-worker-count
8
-gc-helper-count
1
-name
AssetImport
Successfully changed project path to: C:/Users/Ethan/Documents/Mythic Legion Ball Game
C:/Users/Ethan/Documents/Mythic Legion Ball Game
[UnityMemory] Configuration Parameters - Can be set up in boot.config
    "memorysetup-allocator-temp-initial-block-size-main=262144"
    "memorysetup-allocator-temp-initial-block-size-worker=262144"
    "memorysetup-bucket-allocator-granularity=16"
    "memorysetup-bucket-allocator-bucket-count=8"
    "memorysetup-bucket-allocator-block-size=33554432"
    "memorysetup-bucket-allocator-block-count=8"
    "memorysetup-main-allocator-block-size=16777216"
    "memorysetup-thread-allocator-block-size=16777216"
    "memorysetup-gfx-main-allocator-block-size=16777216"
    "memorysetup-gfx-thread-allocator-block-size=16777216"
    "memorysetup-cache-allocator-block-size=4194304"
    "memorysetup-typetree-allocator-block-size=2097152"
    "memorysetup-profiler-bucket-allocator-granularity=16"
    "memorysetup-profiler-bucket-allocator-bucket-count=8"
    "memorysetup-profiler-bucket-allocator-block-size=33554432"
    "memorysetup-profiler-bucket-allocator-block-count=8"
    "memorysetup-profiler-allocator-block-size=16777216"
    "memorysetup-profiler-editor-allocator-block-size=1048576"
    "memorysetup-temp-allocator-size-main=16777216"
    "memorysetup-job-temp-allocator-block-size=2097152"
    "memorysetup-job-temp-allocator-block-size-background=1048576"
    "memorysetup-job-temp-allocator-reduction-small-platforms=262144"
    "memorysetup-temp-allocator-size-background-worker=32768"
    "memorysetup-temp-allocator-size-job-worker=262144"
    "memorysetup-temp-allocator-size-preload-manager=33554432"
    "memorysetup-temp-allocator-size-nav-mesh-worker=65536"
    "memorysetup-temp-allocator-size-audio-worker=65536"
    "memorysetup-temp-allocator-size-cloud-worker=32768"
    "memorysetup-temp-allocator-size-gi-baking-worker=262144"
    "memorysetup-temp-allocator-size-gi-baking-worker=262144"
    "memorysetup-temp-allocator-size-gi-baking-worker=262144"
    "memorysetup-temp-allocator-size-gi-baking-worker=262144"
    "memorysetup-temp-allocator-size-gi-baking-worker=262144"
    "memorysetup-temp-allocator-size-gfx=262144"
Player connection [19388]  Target information:

Player connection [19388]  * "[IP] 192.168.1.129 [Port] 0 [Flags] 2 [Guid] 1151677697 [EditorId] 1151677697 [Version] 1048832 [Id] WindowsEditor(7,DESKTOP-I4FBTE2) [Debug] 1 [PackageName] WindowsEditor [ProjectName] Editor" 

Player connection [19388] Host joined multi-casting on [225.0.0.222:54997]...
Player connection [19388] Host joined alternative multi-casting on [225.0.0.222:34997]...
JobSystem: Creating JobQueue using job-worker-count value 3
Input System module state changed to: Initialized.
[Physics::Module] Initialized fallback backend.
[Physics::Module] Id: 0xdecafbad
Library Redirect Path: Library/
[Physics::Module] Selected backend.
[Physics::Module] Name: PhysX
[Physics::Module] Id: 0xf2b8ea05
[Physics::Module] SDK Version: 4.1.2
[Physics::Module] Integration Version: 1.0.0
[Physics::Module] Threading Mode: Multi-Threaded
Refreshing native plugins compatible for Editor in 7.76 ms, found 3 plugins.
Preloading 0 native plugins for Editor in 0.00 ms.
Initialize engine version: 6000.1.13f1 (418bd0acaa6b)
[Subsystems] Discovering subsystems at path C:/Program Files/Unity/Hub/Editor/6000.1.13f1/Editor/Data/Resources/UnitySubsystems
[Subsystems] Discovering subsystems at path C:/Users/Ethan/Documents/Mythic Legion Ball Game/Assets
GfxDevice: creating device client; kGfxThreadingModeNonThreaded
Direct3D:
    Version:         Direct3D 12 [level 12.1]
    Renderer:        Intel(R) Iris(R) Plus Graphics (ID=0x8a52)
    Vendor:          Intel
    VRAM:            16267 MB
    App VRAM Budget: 15499 MB
    Driver:          31.0.101.2127
    Unified Memory Architecture
    Cache Coherent UMA
Initialize mono
Mono path[0] = 'C:/Program Files/Unity/Hub/Editor/6000.1.13f1/Editor/Data/Managed'
Mono path[1] = 'C:/Program Files/Unity/Hub/Editor/6000.1.13f1/Editor/Data/MonoBleedingEdge/lib/mono/unityjit-win32'
Mono config path = 'C:/Program Files/Unity/Hub/Editor/6000.1.13f1/Editor/Data/MonoBleedingEdge/etc'
Using monoOptions --debugger-agent=transport=dt_socket,embedding=1,server=y,suspend=n,address=127.0.0.1:56196
Begin MonoManager ReloadAssembly
Registering precompiled unity dll's ...
Register platform support module: C:/Program Files/Unity/Hub/Editor/6000.1.13f1/Editor/Data/PlaybackEngines/WebGLSupport/UnityEditor.WebGL.Extensions.dll
Register platform support module: C:/Program Files/Unity/Hub/Editor/6000.1.13f1/Editor/Data/PlaybackEngines/WindowsStandaloneSupport/UnityEditor.WindowsStandalone.Extensions.dll
Registered in 0.009873 seconds.
- Loaded All Assemblies, in  2.000 seconds
Native extension for WindowsStandalone target not found
Native extension for WebGL target not found
Mono: successfully reloaded assembly
- Finished resetting the current domain, in  2.030 seconds
Domain Reload Profiling: 4020ms
	BeginReloadAssembly (629ms)
		ExecutionOrderSort (0ms)
		DisableScriptedObjects (0ms)
		BackupInstance (0ms)
		ReleaseScriptingObjects (1ms)
		CreateAndSetChildDomain (3ms)
	RebuildCommonClasses (214ms)
	RebuildNativeTypeToScriptingClass (106ms)
	initialDomainReloadingComplete (194ms)
	LoadAllAssembliesAndSetupDomain (845ms)
		LoadAssemblies (615ms)
		RebuildTransferFunctionScriptingTraits (0ms)
		AnalyzeDomain (834ms)
			TypeCache.Refresh (813ms)
				TypeCache.ScanAssembly (743ms)
			BuildScriptInfoCaches (1ms)
			ResolveRequiredComponents (11ms)
	FinalizeReload (2032ms)
		ReleaseScriptCaches (0ms)
		RebuildScriptCaches (0ms)
		SetupLoadedEditorAssemblies (1502ms)
			LogAssemblyErrors (0ms)
			InitializePlatformSupportModulesInManaged (369ms)
			SetLoadedEditorAssemblies (17ms)
			BeforeProcessingInitializeOnLoad (322ms)
			ProcessInitializeOnLoadAttributes (584ms)
			ProcessInitializeOnLoadMethodAttributes (209ms)
			AfterProcessingInitializeOnLoad (0ms)
			EditorAssembliesLoaded (0ms)
		ExecutionOrderSort2 (0ms)
		AwakeInstancesAfterBackupRestoration (0ms)
========================================================================
Worker process is ready to serve import requests
Import Worker Mode flag is 0x00
Begin MonoManager ReloadAssembly
- Loaded All Assemblies, in  2.533 seconds
Refreshing native plugins compatible for Editor in 4.21 ms, found 3 plugins.
Native extension for WindowsStandalone target not found
Native extension for WebGL target not found
Mono: successfully reloaded assembly
- Finished resetting the current domain, in  2.510 seconds
Domain Reload Profiling: 5025ms
	BeginReloadAssembly (573ms)
		ExecutionOrderSort (0ms)
		DisableScriptedObjects (18ms)
		BackupInstance (0ms)
		ReleaseScriptingObjects (0ms)
		CreateAndSetChildDomain (79ms)
	RebuildCommonClasses (127ms)
	RebuildNativeTypeToScriptingClass (37ms)
	initialDomainReloadingComplete (187ms)
	LoadAllAssembliesAndSetupDomain (1588ms)
		LoadAssemblies (1103ms)
		RebuildTransferFunctionScriptingTraits (0ms)
		AnalyzeDomain (809ms)
			TypeCache.Refresh (603ms)
				TypeCache.ScanAssembly (566ms)
			BuildScriptInfoCaches (163ms)
			ResolveRequiredComponents (31ms)
	FinalizeReload (2512ms)
		ReleaseScriptCaches (0ms)
		RebuildScriptCaches (0ms)
		SetupLoadedEditorAssemblies (1891ms)
			LogAssemblyErrors (0ms)
			InitializePlatformSupportModulesInManaged (7ms)
			SetLoadedEditorAssemblies (19ms)
			BeforeProcessingInitializeOnLoad (502ms)
			ProcessInitializeOnLoadAttributes (1184ms)
			ProcessInitializeOnLoadMethodAttributes (158ms)
			AfterProcessingInitializeOnLoad (20ms)
			EditorAssembliesLoaded (0ms)
		ExecutionOrderSort2 (0ms)
		AwakeInstancesAfterBackupRestoration (21ms)
Launched and connected shader compiler UnityShaderCompiler.exe after 0.06 seconds
Refreshing native plugins compatible for Editor in 6.28 ms, found 3 plugins.
Preloading 0 native plugins for Editor in 0.00 ms.
Unloading 13 Unused Serialized files (Serialized files now loaded: 0)
Unloading 5975 unused Assets / (4.2 MB). Loaded Objects now: 6668.
Memory consumption went from 125.3 MB to 121.1 MB.
Total: 30.050500 ms (FindLiveObjects: 2.034800 ms CreateObjectMapping: 1.897000 ms MarkObjects: 15.402700 ms  DeleteObjects: 10.713700 ms)

========================================================================
Received Import Request.
  Time since last request: 23980.848667 seconds.
  path: Assets/Readme.asset
  artifactKey: Guid(8105016687592461f977c054a80ce2f2) Importer(815301076,1909f56bfc062723c751e8b465ee728b)
Start importing Assets/Readme.asset using Guid(8105016687592461f977c054a80ce2f2) Importer(815301076,1909f56bfc062723c751e8b465ee728b) (PreviewImporter) -> (artifact id: '50ea5ad2cda8720781b90d71f311d8d1') in 0.0962744 seconds
Number of updated asset objects reloaded before import = 0Number of asset objects unloaded after import = 2

========================================================================
Received Prepare
Refreshing native plugins compatible for Editor in 81.13 ms, found 3 plugins.
Preloading 0 native plugins for Editor in 0.00 ms.
Unloading 13 Unused Serialized files (Serialized files now loaded: 0)
Unloading 5962 unused Assets / (3.9 MB). Loaded Objects now: 6669.
Memory consumption went from 125.7 MB to 121.8 MB.
Total: 28.869300 ms (FindLiveObjects: 12.382000 ms CreateObjectMapping: 1.290100 ms MarkObjects: 11.030300 ms  DeleteObjects: 4.164800 ms)

Prepare: number of updated asset objects reloaded= 0
========================================================================
Received Prepare
Begin MonoManager ReloadAssembly
- Loaded All Assemblies, in  0.983 seconds
Refreshing native plugins compatible for Editor in 2.36 ms, found 3 plugins.
Native extension for WindowsStandalone target not found
Native extension for WebGL target not found
Mono: successfully reloaded assembly
- Finished resetting the current domain, in  0.934 seconds
Domain Reload Profiling: 1911ms
	BeginReloadAssembly (268ms)
		ExecutionOrderSort (0ms)
		DisableScriptedObjects (7ms)
		BackupInstance (0ms)
		ReleaseScriptingObjects (0ms)
		CreateAndSetChildDomain (61ms)
	RebuildCommonClasses (47ms)
	RebuildNativeTypeToScriptingClass (15ms)
	initialDomainReloadingComplete (37ms)
	LoadAllAssembliesAndSetupDomain (610ms)
		LoadAssemblies (466ms)
		RebuildTransferFunctionScriptingTraits (0ms)
		AnalyzeDomain (266ms)
			TypeCache.Refresh (12ms)
				TypeCache.ScanAssembly (0ms)
			BuildScriptInfoCaches (233ms)
			ResolveRequiredComponents (16ms)
	FinalizeReload (934ms)
		ReleaseScriptCaches (0ms)
		RebuildScriptCaches (0ms)
		SetupLoadedEditorAssemblies (666ms)
			LogAssemblyErrors (0ms)
			InitializePlatformSupportModulesInManaged (3ms)
			SetLoadedEditorAssemblies (4ms)
			BeforeProcessingInitializeOnLoad (153ms)
			ProcessInitializeOnLoadAttributes (431ms)
			ProcessInitializeOnLoadMethodAttributes (67ms)
			AfterProcessingInitializeOnLoad (9ms)
			EditorAssembliesLoaded (0ms)
		ExecutionOrderSort2 (0ms)
		AwakeInstancesAfterBackupRestoration (18ms)
Refreshing native plugins compatible for Editor in 1.98 ms, found 3 plugins.
Preloading 0 native plugins for Editor in 0.00 ms.
Unloading 13 Unused Serialized files (Serialized files now loaded: 0)
Unloading 5969 unused Assets / (4.6 MB). Loaded Objects now: 6684.
Memory consumption went from 133.1 MB to 128.5 MB.
Total: 9.763800 ms (FindLiveObjects: 0.899100 ms CreateObjectMapping: 1.158700 ms MarkObjects: 4.751400 ms  DeleteObjects: 2.953300 ms)

Prepare: number of updated asset objects reloaded= 0
========================================================================
Received Import Request.
  Time since last request: 3633.181986 seconds.
  path: Assets/Sample.png
  artifactKey: Guid(a8d753d0ecee3fb429a610c88dc89ce0) Importer(815301076,1909f56bfc062723c751e8b465ee728b)
Start importing Assets/Sample.png using Guid(a8d753d0ecee3fb429a610c88dc89ce0) Importer(815301076,1909f56bfc062723c751e8b465ee728b) (PreviewImporter) -> (artifact id: 'c87cf2d11b89b71b70c0e9ca2098da94') in 0.1722991 seconds
Number of updated asset objects reloaded before import = 0Number of asset objects unloaded after import = 2

========================================================================
Received Import Request.
  Time since last request: 91.868929 seconds.
  path: Assets/PNG/Red/texture_02.png
  artifactKey: Guid(0a093c44912b43a468103052998ec904) Importer(815301076,1909f56bfc062723c751e8b465ee728b)
Start importing Assets/PNG/Red/texture_02.png using Guid(0a093c44912b43a468103052998ec904) Importer(815301076,1909f56bfc062723c751e8b465ee728b) (PreviewImporter) -> (artifact id: '372841a0dbc9bb24a57cb2eced6c73b0') in 0.032875 seconds
Number of updated asset objects reloaded before import = 0Number of asset objects unloaded after import = 2

========================================================================
Received Import Request.
  Time since last request: 0.000045 seconds.
  path: Assets/PNG/Red/texture_04.png
  artifactKey: Guid(dc423abfeeb8fbc4c83068e22229c185) Importer(815301076,1909f56bfc062723c751e8b465ee728b)
Start importing Assets/PNG/Red/texture_04.png using Guid(dc423abfeeb8fbc4c83068e22229c185) Importer(815301076,1909f56bfc062723c751e8b465ee728b) (PreviewImporter) -> (artifact id: 'c18141b6ba857e6bcf7e279e1d38ba35') in 0.0315828 seconds
Number of updated asset objects reloaded before import = 0Number of asset objects unloaded after import = 2

========================================================================
Received Import Request.
  Time since last request: 0.000040 seconds.
  path: Assets/PNG/Red/texture_06.png
  artifactKey: Guid(db7ad3efcfabe7045b2bfe8ef662d8a9) Importer(815301076,1909f56bfc062723c751e8b465ee728b)
Start importing Assets/PNG/Red/texture_06.png using Guid(db7ad3efcfabe7045b2bfe8ef662d8a9) Importer(815301076,1909f56bfc062723c751e8b465ee728b) (PreviewImporter) -> (artifact id: '39e60747094dcdd6c16f481c1ad2c41f') in 0.0242294 seconds
Number of updated asset objects reloaded before import = 0Number of asset objects unloaded after import = 2

========================================================================
Received Import Request.
  Time since last request: 0.000025 seconds.
  path: Assets/PNG/Red/texture_07.png
  artifactKey: Guid(4c9f0ef146b32c248b79dc31e6980083) Importer(815301076,1909f56bfc062723c751e8b465ee728b)
Start importing Assets/PNG/Red/texture_07.png using Guid(4c9f0ef146b32c248b79dc31e6980083) Importer(815301076,1909f56bfc062723c751e8b465ee728b) (PreviewImporter) -> (artifact id: '1e74d307d751f989690e189068264ed2') in 0.0218791 seconds
Number of updated asset objects reloaded before import = 0Number of asset objects unloaded after import = 2

========================================================================
Received Import Request.
  Time since last request: 0.000023 seconds.
  path: Assets/PNG/Red/texture_10.png
  artifactKey: Guid(9dd9ec0a2b45ad84787f20185f2dce4e) Importer(815301076,1909f56bfc062723c751e8b465ee728b)
Start importing Assets/PNG/Red/texture_10.png using Guid(9dd9ec0a2b45ad84787f20185f2dce4e) Importer(815301076,1909f56bfc062723c751e8b465ee728b) (PreviewImporter) -> (artifact id: '44e21d37bda76b8aae0863c3a35b283f') in 0.0263692 seconds
Number of updated asset objects reloaded before import = 0Number of asset objects unloaded after import = 2

========================================================================
Received Import Request.
  Time since last request: 0.000026 seconds.
  path: Assets/PNG/Red/texture_05.png
  artifactKey: Guid(b37948d211b03dd43b950a52aeaacacb) Importer(815301076,1909f56bfc062723c751e8b465ee728b)
Start importing Assets/PNG/Red/texture_05.png using Guid(b37948d211b03dd43b950a52aeaacacb) Importer(815301076,1909f56bfc062723c751e8b465ee728b) (PreviewImporter) -> (artifact id: '209a765cd1e7e116ed6cb9b2987dd74d') in 0.0235791 seconds
Number of updated asset objects reloaded before import = 0Number of asset objects unloaded after import = 2

========================================================================
Received Import Request.
  Time since last request: 0.000058 seconds.
  path: Assets/PNG/Red/texture_11.png
  artifactKey: Guid(cd39c953a4b00664f8540c250053ca9f) Importer(815301076,1909f56bfc062723c751e8b465ee728b)
Start importing Assets/PNG/Red/texture_11.png using Guid(cd39c953a4b00664f8540c250053ca9f) Importer(815301076,1909f56bfc062723c751e8b465ee728b) (PreviewImporter) -> (artifact id: '485673165b59be948a4c3e537d67231a') in 0.0261763 seconds
Number of updated asset objects reloaded before import = 0Number of asset objects unloaded after import = 2

========================================================================
Received Import Request.
  Time since last request: 230.110052 seconds.
  path: Assets/PNG/Dark/texture_02.png
  artifactKey: Guid(ba1af5e1e93e1e94a8ca4f176db32c87) Importer(815301076,1909f56bfc062723c751e8b465ee728b)
Start importing Assets/PNG/Dark/texture_02.png using Guid(ba1af5e1e93e1e94a8ca4f176db32c87) Importer(815301076,1909f56bfc062723c751e8b465ee728b) (PreviewImporter) -> (artifact id: 'fbd048cc698c05830eb8d38b9d875df4') in 0.0351273 seconds
Number of updated asset objects reloaded before import = 0Number of asset objects unloaded after import = 2

========================================================================
Received Import Request.
  Time since last request: 0.000019 seconds.
  path: Assets/PNG/Dark/texture_03.png
  artifactKey: Guid(172f5f5ef790f0c42ae433ed6a6d2d54) Importer(815301076,1909f56bfc062723c751e8b465ee728b)
Start importing Assets/PNG/Dark/texture_03.png using Guid(172f5f5ef790f0c42ae433ed6a6d2d54) Importer(815301076,1909f56bfc062723c751e8b465ee728b) (PreviewImporter) -> (artifact id: '8fd2d641fc4a981aeb32198d260c976c') in 0.0251913 seconds
Number of updated asset objects reloaded before import = 0Number of asset objects unloaded after import = 2

========================================================================
Received Import Request.
  Time since last request: 0.000036 seconds.
  path: Assets/PNG/Dark/texture_13.png
  artifactKey: Guid(7903056c2beafdd439ea1daaa508f337) Importer(815301076,1909f56bfc062723c751e8b465ee728b)
Start importing Assets/PNG/Dark/texture_13.png using Guid(7903056c2beafdd439ea1daaa508f337) Importer(815301076,1909f56bfc062723c751e8b465ee728b) (PreviewImporter) -> (artifact id: '42caa0e5367da849b292e493ddc545b4') in 0.0235719 seconds
Number of updated asset objects reloaded before import = 0Number of asset objects unloaded after import = 2

========================================================================
Received Import Request.
  Time since last request: 0.000019 seconds.
  path: Assets/PNG/Dark/texture_12.png
  artifactKey: Guid(95766ff8d1bd5ac4585de3e25ea83613) Importer(815301076,1909f56bfc062723c751e8b465ee728b)
Start importing Assets/PNG/Dark/texture_12.png using Guid(95766ff8d1bd5ac4585de3e25ea83613) Importer(815301076,1909f56bfc062723c751e8b465ee728b) (PreviewImporter) -> (artifact id: 'd9039d839f868fd56638d38d0f547639') in 0.0250824 seconds
Number of updated asset objects reloaded before import = 0Number of asset objects unloaded after import = 2

========================================================================
Received Import Request.
  Time since last request: 0.000023 seconds.
  path: Assets/PNG/Dark/texture_06.png
  artifactKey: Guid(fcaada2213fb78249a9236589f4caa21) Importer(815301076,1909f56bfc062723c751e8b465ee728b)
Start importing Assets/PNG/Dark/texture_06.png using Guid(fcaada2213fb78249a9236589f4caa21) Importer(815301076,1909f56bfc062723c751e8b465ee728b) (PreviewImporter) -> (artifact id: '31ab9b0cebc5af9b768caf4ac27c7a67') in 0.0244098 seconds
Number of updated asset objects reloaded before import = 0Number of asset objects unloaded after import = 2

========================================================================
Received Import Request.
  Time since last request: 0.000024 seconds.
  path: Assets/PNG/Dark/texture_05.png
  artifactKey: Guid(6eae5c6faeccefe46865ac4ab5e49f25) Importer(815301076,1909f56bfc062723c751e8b465ee728b)
Start importing Assets/PNG/Dark/texture_05.png using Guid(6eae5c6faeccefe46865ac4ab5e49f25) Importer(815301076,1909f56bfc062723c751e8b465ee728b) (PreviewImporter) -> (artifact id: '0098cf835746f6825271b882533b1c6f') in 0.0248728 seconds
Number of updated asset objects reloaded before import = 0Number of asset objects unloaded after import = 2

========================================================================
Received Import Request.
  Time since last request: 0.000038 seconds.
  path: Assets/PNG/Dark/texture_11.png
  artifactKey: Guid(9271f2018d59abb42b3029e790431fb7) Importer(815301076,1909f56bfc062723c751e8b465ee728b)
Start importing Assets/PNG/Dark/texture_11.png using Guid(9271f2018d59abb42b3029e790431fb7) Importer(815301076,1909f56bfc062723c751e8b465ee728b) (PreviewImporter) -> (artifact id: '073e48ff019a241354e40b298fe0fd1d') in 0.0232946 seconds
Number of updated asset objects reloaded before import = 0Number of asset objects unloaded after import = 2

========================================================================
Received Import Request.
  Time since last request: 36.782245 seconds.
  path: Assets/PNG/Purple/texture_02.png
  artifactKey: Guid(65e3e757c12d6404c92af2ade8b1e447) Importer(815301076,1909f56bfc062723c751e8b465ee728b)
Start importing Assets/PNG/Purple/texture_02.png using Guid(65e3e757c12d6404c92af2ade8b1e447) Importer(815301076,1909f56bfc062723c751e8b465ee728b) (PreviewImporter) -> (artifact id: '21af232461bc7dfbe79c8eb73532fbfd') in 0.0388048 seconds
Number of updated asset objects reloaded before import = 0Number of asset objects unloaded after import = 2

========================================================================
Received Import Request.
  Time since last request: 0.000061 seconds.
  path: Assets/PNG/Purple/texture_12.png
  artifactKey: Guid(70b925cde945213458e5aeb4782ba598) Importer(815301076,1909f56bfc062723c751e8b465ee728b)
Start importing Assets/PNG/Purple/texture_12.png using Guid(70b925cde945213458e5aeb4782ba598) Importer(815301076,1909f56bfc062723c751e8b465ee728b) (PreviewImporter) -> (artifact id: 'dd51af681d19bd9a430be95262d224ef') in 0.0246035 seconds
Number of updated asset objects reloaded before import = 0Number of asset objects unloaded after import = 2

========================================================================
Received Import Request.
  Time since last request: 0.000046 seconds.
  path: Assets/PNG/Purple/texture_11.png
  artifactKey: Guid(395aaad8e76755a43a0ec9a5f0043b6f) Importer(815301076,1909f56bfc062723c751e8b465ee728b)
Start importing Assets/PNG/Purple/texture_11.png using Guid(395aaad8e76755a43a0ec9a5f0043b6f) Importer(815301076,1909f56bfc062723c751e8b465ee728b) (PreviewImporter) -> (artifact id: '5b5fec62297fcbf5f47de5fe4d6f8eb1') in 0.0232579 seconds
Number of updated asset objects reloaded before import = 0Number of asset objects unloaded after import = 2

========================================================================
Received Import Request.
  Time since last request: 0.000046 seconds.
  path: Assets/PNG/Purple/texture_07.png
  artifactKey: Guid(422b9c64230a5104592b2ceaf006f63b) Importer(815301076,1909f56bfc062723c751e8b465ee728b)
Start importing Assets/PNG/Purple/texture_07.png using Guid(422b9c64230a5104592b2ceaf006f63b) Importer(815301076,1909f56bfc062723c751e8b465ee728b) (PreviewImporter) -> (artifact id: 'bd1a810504250525515447fcb4f8fd2b') in 0.0276859 seconds
Number of updated asset objects reloaded before import = 0Number of asset objects unloaded after import = 2

========================================================================
Received Import Request.
  Time since last request: 0.000029 seconds.
  path: Assets/PNG/Purple/texture_03.png
  artifactKey: Guid(68e29bd9d39152d45b0db17bd0598334) Importer(815301076,1909f56bfc062723c751e8b465ee728b)
Start importing Assets/PNG/Purple/texture_03.png using Guid(68e29bd9d39152d45b0db17bd0598334) Importer(815301076,1909f56bfc062723c751e8b465ee728b) (PreviewImporter) -> (artifact id: 'a1d64e3d2873f326a09812f78a02e770') in 0.0306101 seconds
Number of updated asset objects reloaded before import = 0Number of asset objects unloaded after import = 2

========================================================================
Received Import Request.
  Time since last request: 0.000052 seconds.
  path: Assets/PNG/Purple/texture_05.png
  artifactKey: Guid(3d5fc4b533d4c05489b7bd7e2c8fcbfc) Importer(815301076,1909f56bfc062723c751e8b465ee728b)
Start importing Assets/PNG/Purple/texture_05.png using Guid(3d5fc4b533d4c05489b7bd7e2c8fcbfc) Importer(815301076,1909f56bfc062723c751e8b465ee728b) (PreviewImporter) -> (artifact id: '5ce68632274bbc54d03c49a1b2456714') in 0.0292884 seconds
Number of updated asset objects reloaded before import = 0Number of asset objects unloaded after import = 2

========================================================================
Received Import Request.
  Time since last request: 0.000033 seconds.
  path: Assets/PNG/Purple/texture_04.png
  artifactKey: Guid(7ccc5f3ced6dc854abc5625aa97ee831) Importer(815301076,1909f56bfc062723c751e8b465ee728b)
Start importing Assets/PNG/Purple/texture_04.png using Guid(7ccc5f3ced6dc854abc5625aa97ee831) Importer(815301076,1909f56bfc062723c751e8b465ee728b) (PreviewImporter) -> (artifact id: 'bafd0944a03831a3bf8c19d1d3a7bc98') in 0.0259056 seconds
Number of updated asset objects reloaded before import = 0Number of asset objects unloaded after import = 2

